1-N-Firebase/app/build/intermediates/manifest_merge_blame_file/debug/manifest-merger-blame-debug-report.txt
1<?xml version="1.0" encoding="utf-8"?>
2<manifest xmlns:android="http://schemas.android.com/apk/res/android"
3    package="com.example.n1_project"
4    android:versionCode="1"
5    android:versionName="1.0" >
6
7    <uses-sdk
8        android:minSdkVersion="31"
8-->src\main\AndroidManifest.xml
9        android:targetSdkVersion="32" />
9-->src\main\AndroidManifest.xml
10
11    <uses-permission android:name="android.permission.INTERNET" />
11-->src\main\AndroidManifest.xml:5:5-67
11-->src\main\AndroidManifest.xml:5:22-64
12    <uses-permission android:name="android.permission.ACCESS_NETWORK_STATE" />
12-->src\main\AndroidManifest.xml:6:5-79
12-->src\main\AndroidManifest.xml:6:22-76
13    <uses-permission android:name="android.permission.READ_PHONE_STATE" /> <!-- android 11 모든 앱 접근 권한 사용  (Google Play 가이드라인 참고 - 2021-02-19 기준 못찾았음) -->
13-->[com.github.bootpay:android:2.0.1] AndroidManifest.xml:11:5-75
13-->[com.github.bootpay:android:2.0.1] AndroidManifest.xml:11:22-72
14    <!-- <uses-permission android:name="android.permission.QUERY_ALL_PACKAGES" tools:ignore="QueryAllPackagesPermission" /> -->
15    <!-- android 11 Package Visibility 설정 (compileSdkVersion, targetSdkVersion 30 이상 설정시 필수) -->
16    <!-- 2021-02-19 -->
17    <queries>
17-->[com.github.bootpay:android:2.0.1] AndroidManifest.xml:17:5-90:15
18
19        <!-- 다날[신한, BC(페이북), 국민, 현대, 삼성, 하나, 롯데, 농협, 우리, 씨티, 페이코, 삼성페이, 카카오페이, 뱅크페이, SSG페이, 스마일페이, 엘페이] -->
20        <!-- KCP [페이코, 현대, BC(페이북), 롯데, 국민, 농협, 삼성, 신한, 우리, 하나, 씨티] -->
21        <!-- 이니시스 [카카오페이, 네이버페이, 신한, 하나, 현대, 삼성, 국민, BC(페이북), 농협, 롯데, 씨티, 페이코, 엘페이, SSG페이, 차이, 토스, 삼성페이] -->
22        <!-- 나이스페이 [신한, 국민, 삼성, BC(페이북), 롯데, 현대, 하나 농협, 씨티, 우리] -->
23        <!-- 토스페이먼츠 [현대, 신한, 페이북, 국민, 삼성, 롯데, 농협, 우리] -->
24        <!-- 이지페이 [현대, 하나, 국민, 롯데, 삼성, BC(페이북) 신한, 하나, 농협, 씨티, 우리, 페이코] -->
25        <!-- 티페이 [BC(페이북), 국민, 하나, 삼성, 신한, 현대, 롯데, 농협, 씨티, 우리] -->
26        <!-- 페이레터 [BC(페이북), 국민, 하나, 삼성, 신한, 현대. 롯데, 농협, 씨티, ] -->
27        <!-- 월컴페이먼츠 [카카오, 엘페이, 현대, BC(페이북), 국민, 삼성, 신한, 롯데, 농협, 하나, 씨티, 하나, 우리] -->
28
29
30        <!-- 간편결제 -->
31        <package android:name="com.nhnent.payapp" /> <!-- 페이코 -->
31-->[com.github.bootpay:android:2.0.1] AndroidManifest.xml:31:9-53
31-->[com.github.bootpay:android:2.0.1] AndroidManifest.xml:31:18-50
32        <package android:name="com.lottemembers.android" /> <!-- LPAY -->
32-->[com.github.bootpay:android:2.0.1] AndroidManifest.xml:32:9-60
32-->[com.github.bootpay:android:2.0.1] AndroidManifest.xml:32:18-57
33        <package android:name="com.ssg.serviceapp.android.egiftcertificate" /> <!-- SSG 페이 -->
33-->[com.github.bootpay:android:2.0.1] AndroidManifest.xml:33:9-79
33-->[com.github.bootpay:android:2.0.1] AndroidManifest.xml:33:18-76
34        <package android:name="com.inicis.kpay" /> <!-- 이니시스 KPAY -->
34-->[com.github.bootpay:android:2.0.1] AndroidManifest.xml:34:9-51
34-->[com.github.bootpay:android:2.0.1] AndroidManifest.xml:34:18-48
35        <package android:name="com.tmoney.tmpay" /> <!-- 티머니페이 -->
35-->[com.github.bootpay:android:2.0.1] AndroidManifest.xml:35:9-52
35-->[com.github.bootpay:android:2.0.1] AndroidManifest.xml:35:18-49
36        <package android:name="viva.republica.toss" /> <!-- 토스페이 -->
36-->[com.github.bootpay:android:2.0.1] AndroidManifest.xml:36:9-55
36-->[com.github.bootpay:android:2.0.1] AndroidManifest.xml:36:18-52
37        <package android:name="com.kakao.talk" /> <!-- 카카오페이 -->
37-->[com.github.bootpay:android:2.0.1] AndroidManifest.xml:37:9-50
37-->[com.github.bootpay:android:2.0.1] AndroidManifest.xml:37:18-47
38        <package android:name="com.mysmilepay.app" /> <!-- 스마일 페이 -->
38-->[com.github.bootpay:android:2.0.1] AndroidManifest.xml:38:9-54
38-->[com.github.bootpay:android:2.0.1] AndroidManifest.xml:38:18-51
39        <package android:name="com.lotte.lpay" /> <!-- 엘페이 -->
39-->[com.github.bootpay:android:2.0.1] AndroidManifest.xml:39:9-50
39-->[com.github.bootpay:android:2.0.1] AndroidManifest.xml:39:18-47
40        <package android:name="finance.chai.app" /> <!-- 차이 -->
40-->[com.github.bootpay:android:2.0.1] AndroidManifest.xml:40:9-52
40-->[com.github.bootpay:android:2.0.1] AndroidManifest.xml:40:18-49
41        <package android:name="com.nhn.android.search" /> <!-- 네이버 -->
41-->[com.github.bootpay:android:2.0.1] AndroidManifest.xml:41:9-58
41-->[com.github.bootpay:android:2.0.1] AndroidManifest.xml:41:18-55
42
43
44        <!-- 앱카드 -->
45        <package android:name="kvp.jjy.MispAndroid320" /> <!-- BC 페이북 -->
45-->[com.github.bootpay:android:2.0.1] AndroidManifest.xml:45:9-58
45-->[com.github.bootpay:android:2.0.1] AndroidManifest.xml:45:18-55
46        <package android:name="com.kbcard.kbkookmincard" /> <!-- 국민카드 -->
46-->[com.github.bootpay:android:2.0.1] AndroidManifest.xml:46:9-60
46-->[com.github.bootpay:android:2.0.1] AndroidManifest.xml:46:18-57
47        <package android:name="com.kbcard.cxh.appcard" /> <!-- 국민카드 -->
47-->[com.github.bootpay:android:2.0.1] AndroidManifest.xml:47:9-58
47-->[com.github.bootpay:android:2.0.1] AndroidManifest.xml:47:18-55
48        <package android:name="com.kbstar.liivbank" /> <!-- 국민 리브 -->
48-->[com.github.bootpay:android:2.0.1] AndroidManifest.xml:48:9-55
48-->[com.github.bootpay:android:2.0.1] AndroidManifest.xml:48:18-52
49        <package android:name="com.kbstar.reboot" /> <!-- 국민 new 리브 -->
49-->[com.github.bootpay:android:2.0.1] AndroidManifest.xml:49:9-53
49-->[com.github.bootpay:android:2.0.1] AndroidManifest.xml:49:18-50
50        <package android:name="com.samsung.android.spay" /> <!-- 삼성페이 -->
50-->[com.github.bootpay:android:2.0.1] AndroidManifest.xml:50:9-60
50-->[com.github.bootpay:android:2.0.1] AndroidManifest.xml:50:18-57
51        <package android:name="com.samsung.android.spaylite" /> <!-- 삼성페이 미니 -->
51-->[com.github.bootpay:android:2.0.1] AndroidManifest.xml:51:9-64
51-->[com.github.bootpay:android:2.0.1] AndroidManifest.xml:51:18-61
52        <package android:name="com.lge.lgpay" /> <!-- 엘지페이 -->
52-->[com.github.bootpay:android:2.0.1] AndroidManifest.xml:52:9-49
52-->[com.github.bootpay:android:2.0.1] AndroidManifest.xml:52:18-46
53        <package android:name="com.hanaskcard.paycla" /> <!-- 하나카드 -->
53-->[com.github.bootpay:android:2.0.1] AndroidManifest.xml:53:9-57
53-->[com.github.bootpay:android:2.0.1] AndroidManifest.xml:53:18-54
54        <package android:name="kr.co.hanamembers.hmscustomer" /> <!-- 하나카드(멤버스결제) -->
54-->[com.github.bootpay:android:2.0.1] AndroidManifest.xml:54:9-65
54-->[com.github.bootpay:android:2.0.1] AndroidManifest.xml:54:18-62
55        <package android:name="com.lcacApp" /> <!-- 롯데카드 -->
55-->[com.github.bootpay:android:2.0.1] AndroidManifest.xml:55:9-47
55-->[com.github.bootpay:android:2.0.1] AndroidManifest.xml:55:18-44
56        <package android:name="kr.co.samsungcard.mpocket" /> <!-- 삼성카드 -->
56-->[com.github.bootpay:android:2.0.1] AndroidManifest.xml:56:9-61
56-->[com.github.bootpay:android:2.0.1] AndroidManifest.xml:56:18-58
57        <package android:name="com.shcard.smartpay" /> <!-- 신한카드 -->
57-->[com.github.bootpay:android:2.0.1] AndroidManifest.xml:57:9-55
57-->[com.github.bootpay:android:2.0.1] AndroidManifest.xml:57:18-52
58        <package android:name="com.shinhancard.smartshinhan" /> <!-- 신한카드 (ARS/일반결제/Smart결제) -->
58-->[com.github.bootpay:android:2.0.1] AndroidManifest.xml:58:9-64
58-->[com.github.bootpay:android:2.0.1] AndroidManifest.xml:58:18-61
59        <package android:name="com.hyundaicard.appcard" /> <!-- 현대카드 -->
59-->[com.github.bootpay:android:2.0.1] AndroidManifest.xml:59:9-59
59-->[com.github.bootpay:android:2.0.1] AndroidManifest.xml:59:18-56
60        <package android:name="nh.smart.nhallonepay" /> <!-- 농협카드 -->
60-->[com.github.bootpay:android:2.0.1] AndroidManifest.xml:60:9-56
60-->[com.github.bootpay:android:2.0.1] AndroidManifest.xml:60:18-53
61        <package android:name="com.wooricard.wpay" /> <!-- 우리카드 -->
61-->[com.github.bootpay:android:2.0.1] AndroidManifest.xml:61:9-54
61-->[com.github.bootpay:android:2.0.1] AndroidManifest.xml:61:18-51
62        <package android:name="com.wooricard.smartapp" /> <!-- 우리 WON 카드 -->
62-->[com.github.bootpay:android:2.0.1] AndroidManifest.xml:62:9-58
62-->[com.github.bootpay:android:2.0.1] AndroidManifest.xml:62:18-55
63        <package android:name="com.wooribank.smart.npib" /> <!-- 우리 WON 뱅킹 -->
63-->[com.github.bootpay:android:2.0.1] AndroidManifest.xml:63:9-60
63-->[com.github.bootpay:android:2.0.1] AndroidManifest.xml:63:18-57
64        <package android:name="kr.co.citibank.citimobile" /> <!-- 씨티카드 -->
64-->[com.github.bootpay:android:2.0.1] AndroidManifest.xml:64:9-61
64-->[com.github.bootpay:android:2.0.1] AndroidManifest.xml:64:18-58
65
66
67        <!-- 계좌이체 -->
68        <package android:name="com.kftc.bankpay.android" /> <!-- 뱅크페이 -->
68-->[com.github.bootpay:android:2.0.1] AndroidManifest.xml:68:9-60
68-->[com.github.bootpay:android:2.0.1] AndroidManifest.xml:68:18-57
69        <package android:name="com.kbankwith.smartbank" /> <!-- 케이뱅크 -->
69-->[com.github.bootpay:android:2.0.1] AndroidManifest.xml:69:9-59
69-->[com.github.bootpay:android:2.0.1] AndroidManifest.xml:69:18-56
70        <package android:name="com.knb.psb" /> <!-- BNK 경남은행 모바일뱅킹 -->
70-->[com.github.bootpay:android:2.0.1] AndroidManifest.xml:70:9-47
70-->[com.github.bootpay:android:2.0.1] AndroidManifest.xml:70:18-44
71        <package android:name="kr.co.kfcc.mobilebank" /> <!-- MG 새마을금고 -->
71-->[com.github.bootpay:android:2.0.1] AndroidManifest.xml:71:9-57
71-->[com.github.bootpay:android:2.0.1] AndroidManifest.xml:71:18-54
72        <package android:name="com.nh.cashcardapp" /> <!-- NH앱캐시 -->
72-->[com.github.bootpay:android:2.0.1] AndroidManifest.xml:72:9-54
72-->[com.github.bootpay:android:2.0.1] AndroidManifest.xml:72:18-51
73
74
75        <!-- 공인인증(신용카드) -->
76        <package android:name="com.hanaskcard.rocomo.potal" /> <!-- 하나카드 -->
76-->[com.github.bootpay:android:2.0.1] AndroidManifest.xml:76:9-63
76-->[com.github.bootpay:android:2.0.1] AndroidManifest.xml:76:18-60
77        <package android:name="com.lumensoft.touchenappfree" /> <!-- 현대카드 -->
77-->[com.github.bootpay:android:2.0.1] AndroidManifest.xml:77:9-64
77-->[com.github.bootpay:android:2.0.1] AndroidManifest.xml:77:18-61
78
79
80        <!-- 보안앱 -->
81        <package android:name="com.TouchEn.mVaccine.webs" /> <!-- 신한, 씨티 -->
81-->[com.github.bootpay:android:2.0.1] AndroidManifest.xml:81:9-61
81-->[com.github.bootpay:android:2.0.1] AndroidManifest.xml:81:18-58
82        <package android:name="kr.co.shiftworks.vguardweb" /> <!-- 삼성 -->
82-->[com.github.bootpay:android:2.0.1] AndroidManifest.xml:82:9-62
82-->[com.github.bootpay:android:2.0.1] AndroidManifest.xml:82:18-59
83        <package android:name="com.ahnlab.v3mobileplus" /> <!-- 하나, 농협, 우리, 국민 리브 -->
83-->[com.github.bootpay:android:2.0.1] AndroidManifest.xml:83:9-59
83-->[com.github.bootpay:android:2.0.1] AndroidManifest.xml:83:18-56
84
85
86        <!-- 휴대폰 결제 -->
87        <package android:name="com.kt.ktauth" /> <!-- KT 본인인증 -->
87-->[com.github.bootpay:android:2.0.1] AndroidManifest.xml:87:9-49
87-->[com.github.bootpay:android:2.0.1] AndroidManifest.xml:87:18-46
88        <package android:name="kr.danal.app.damoum" /> <!-- 다모음 -->
88-->[com.github.bootpay:android:2.0.1] AndroidManifest.xml:88:9-55
88-->[com.github.bootpay:android:2.0.1] AndroidManifest.xml:88:18-52
89        <package android:name="uplus.membership" /> <!-- U+ 멤버스 -->
89-->[com.github.bootpay:android:2.0.1] AndroidManifest.xml:89:9-52
89-->[com.github.bootpay:android:2.0.1] AndroidManifest.xml:89:18-49
90    </queries>
91
92    <uses-permission android:name="android.permission.WAKE_LOCK" />
92-->[com.google.android.gms:play-services-measurement-api:21.0.0] AndroidManifest.xml:24:5-68
92-->[com.google.android.gms:play-services-measurement-api:21.0.0] AndroidManifest.xml:24:22-65
93    <uses-permission android:name="com.google.android.gms.permission.AD_ID" />
93-->[com.google.android.gms:play-services-measurement-api:21.0.0] AndroidManifest.xml:25:5-79
93-->[com.google.android.gms:play-services-measurement-api:21.0.0] AndroidManifest.xml:25:22-76
94    <uses-permission android:name="com.google.android.finsky.permission.BIND_GET_INSTALL_REFERRER_SERVICE" />
94-->[com.google.android.gms:play-services-measurement:21.0.0] AndroidManifest.xml:26:5-110
94-->[com.google.android.gms:play-services-measurement:21.0.0] AndroidManifest.xml:26:22-107
95
96    <application
96-->src\main\AndroidManifest.xml:8:5-39:19
97        android:allowBackup="true"
97-->src\main\AndroidManifest.xml:9:9-35
98        android:appComponentFactory="androidx.core.app.CoreComponentFactory"
98-->[androidx.core:core:1.7.0] AndroidManifest.xml:24:18-86
99        android:debuggable="true"
100        android:extractNativeLibs="false"
101        android:icon="@mipmap/ic_launcher"
101-->src\main\AndroidManifest.xml:10:9-43
102        android:label="@string/app_name"
102-->src\main\AndroidManifest.xml:11:9-41
103        android:roundIcon="@mipmap/ic_launcher_round"
103-->src\main\AndroidManifest.xml:12:9-54
104        android:supportsRtl="true"
104-->src\main\AndroidManifest.xml:13:9-35
105        android:testOnly="true"
106        android:theme="@style/Theme.N1_project" >
106-->src\main\AndroidManifest.xml:14:9-48
107        <meta-data
107-->src\main\AndroidManifest.xml:15:9-17:48
108            android:name="com.google.android.actions"
108-->src\main\AndroidManifest.xml:16:13-54
109            android:resource="@xml/chbutton" />
109-->src\main\AndroidManifest.xml:17:13-45
110
111        <activity
111-->src\main\AndroidManifest.xml:19:9-28:20
112            android:name="com.example.n1_project.SplashActivity"
112-->src\main\AndroidManifest.xml:20:13-43
113            android:exported="true"
113-->src\main\AndroidManifest.xml:21:13-36
114            android:theme="@style/SplashTheme" >
114-->src\main\AndroidManifest.xml:22:13-47
115            <intent-filter>
115-->src\main\AndroidManifest.xml:23:13-27:29
116                <action android:name="android.intent.action.MAIN" />
116-->src\main\AndroidManifest.xml:24:17-69
116-->src\main\AndroidManifest.xml:24:25-66
117
118                <category android:name="android.intent.category.LAUNCHER" />
118-->src\main\AndroidManifest.xml:26:17-77
118-->src\main\AndroidManifest.xml:26:27-74
119            </intent-filter>
120        </activity>
121        <activity
121-->src\main\AndroidManifest.xml:29:9-31:48
122            android:name="com.example.n1_project.MainActivity"
122-->src\main\AndroidManifest.xml:30:13-41
123            android:exported="true" />
123-->src\main\AndroidManifest.xml:31:13-36
124        <activity android:name="com.example.n1_project.LoginActivity" />
124-->src\main\AndroidManifest.xml:32:9-51
124-->src\main\AndroidManifest.xml:32:19-48
125        <activity android:name="com.example.n1_project.SignUpActivity" />
125-->src\main\AndroidManifest.xml:33:9-52
125-->src\main\AndroidManifest.xml:33:19-49
126        <activity
126-->src\main\AndroidManifest.xml:34:9-36:40
127            android:name="com.example.n1_project.Teammake"
127-->src\main\AndroidManifest.xml:35:13-37
128            android:exported="false" />
128-->src\main\AndroidManifest.xml:36:13-37
129        <activity android:name="com.example.n1_project.NativeActivity" />
129-->src\main\AndroidManifest.xml:37:9-52
129-->src\main\AndroidManifest.xml:37:19-49
130        <activity android:name="com.example.n1_project.WebAppActivity" />
130-->src\main\AndroidManifest.xml:38:9-52
130-->src\main\AndroidManifest.xml:38:19-49
131        <activity
131-->[com.google.firebase:firebase-auth:21.0.3] AndroidManifest.xml:27:9-44:20
132            android:name="com.google.firebase.auth.internal.GenericIdpActivity"
132-->[com.google.firebase:firebase-auth:21.0.3] AndroidManifest.xml:28:13-80
133            android:excludeFromRecents="true"
133-->[com.google.firebase:firebase-auth:21.0.3] AndroidManifest.xml:29:13-46
134            android:exported="true"
134-->[com.google.firebase:firebase-auth:21.0.3] AndroidManifest.xml:30:13-36
135            android:launchMode="singleTask"
135-->[com.google.firebase:firebase-auth:21.0.3] AndroidManifest.xml:31:13-44
136            android:theme="@android:style/Theme.Translucent.NoTitleBar" >
136-->[com.google.firebase:firebase-auth:21.0.3] AndroidManifest.xml:32:13-72
137            <intent-filter>
137-->[com.google.firebase:firebase-auth:21.0.3] AndroidManifest.xml:33:13-43:29
138                <action android:name="android.intent.action.VIEW" />
138-->[com.google.firebase:firebase-auth:21.0.3] AndroidManifest.xml:34:17-69
138-->[com.google.firebase:firebase-auth:21.0.3] AndroidManifest.xml:34:25-66
139
140                <category android:name="android.intent.category.DEFAULT" />
140-->[com.google.firebase:firebase-auth:21.0.3] AndroidManifest.xml:36:17-76
140-->[com.google.firebase:firebase-auth:21.0.3] AndroidManifest.xml:36:27-73
141                <category android:name="android.intent.category.BROWSABLE" />
141-->[com.google.firebase:firebase-auth:21.0.3] AndroidManifest.xml:37:17-78
141-->[com.google.firebase:firebase-auth:21.0.3] AndroidManifest.xml:37:27-75
142
143                <data
143-->[com.google.firebase:firebase-auth:21.0.3] AndroidManifest.xml:39:17-42:51
144                    android:host="firebase.auth"
144-->[com.google.firebase:firebase-auth:21.0.3] AndroidManifest.xml:40:21-49
145                    android:path="/"
145-->[com.google.firebase:firebase-auth:21.0.3] AndroidManifest.xml:41:21-37
146                    android:scheme="genericidp" />
146-->[com.google.firebase:firebase-auth:21.0.3] AndroidManifest.xml:42:21-48
147            </intent-filter>
148        </activity>
149        <activity
149-->[com.google.firebase:firebase-auth:21.0.3] AndroidManifest.xml:45:9-62:20
150            android:name="com.google.firebase.auth.internal.RecaptchaActivity"
150-->[com.google.firebase:firebase-auth:21.0.3] AndroidManifest.xml:46:13-79
151            android:excludeFromRecents="true"
151-->[com.google.firebase:firebase-auth:21.0.3] AndroidManifest.xml:47:13-46
152            android:exported="true"
152-->[com.google.firebase:firebase-auth:21.0.3] AndroidManifest.xml:48:13-36
153            android:launchMode="singleTask"
153-->[com.google.firebase:firebase-auth:21.0.3] AndroidManifest.xml:49:13-44
154            android:theme="@android:style/Theme.Translucent.NoTitleBar" >
154-->[com.google.firebase:firebase-auth:21.0.3] AndroidManifest.xml:50:13-72
155            <intent-filter>
155-->[com.google.firebase:firebase-auth:21.0.3] AndroidManifest.xml:51:13-61:29
156                <action android:name="android.intent.action.VIEW" />
156-->[com.google.firebase:firebase-auth:21.0.3] AndroidManifest.xml:34:17-69
156-->[com.google.firebase:firebase-auth:21.0.3] AndroidManifest.xml:34:25-66
157
158                <category android:name="android.intent.category.DEFAULT" />
158-->[com.google.firebase:firebase-auth:21.0.3] AndroidManifest.xml:36:17-76
158-->[com.google.firebase:firebase-auth:21.0.3] AndroidManifest.xml:36:27-73
159                <category android:name="android.intent.category.BROWSABLE" />
159-->[com.google.firebase:firebase-auth:21.0.3] AndroidManifest.xml:37:17-78
159-->[com.google.firebase:firebase-auth:21.0.3] AndroidManifest.xml:37:27-75
160
161                <data
161-->[com.google.firebase:firebase-auth:21.0.3] AndroidManifest.xml:39:17-42:51
162                    android:host="firebase.auth"
162-->[com.google.firebase:firebase-auth:21.0.3] AndroidManifest.xml:40:21-49
163                    android:path="/"
163-->[com.google.firebase:firebase-auth:21.0.3] AndroidManifest.xml:41:21-37
164                    android:scheme="recaptcha" />
164-->[com.google.firebase:firebase-auth:21.0.3] AndroidManifest.xml:42:21-48
165            </intent-filter>
166        </activity>
167
168        <service
168-->[com.google.firebase:firebase-auth:21.0.3] AndroidManifest.xml:64:9-70:19
169            android:name="com.google.firebase.components.ComponentDiscoveryService"
169-->[com.google.firebase:firebase-auth:21.0.3] AndroidManifest.xml:65:13-84
170            android:directBootAware="true"
170-->[com.google.firebase:firebase-common:20.1.1] AndroidManifest.xml:35:13-43
171            android:exported="false" >
171-->[com.google.firebase:firebase-auth:21.0.3] AndroidManifest.xml:66:13-37
172            <meta-data
172-->[com.google.firebase:firebase-auth:21.0.3] AndroidManifest.xml:67:13-69:85
173                android:name="com.google.firebase.components:com.google.firebase.auth.FirebaseAuthRegistrar"
173-->[com.google.firebase:firebase-auth:21.0.3] AndroidManifest.xml:68:17-109
174                android:value="com.google.firebase.components.ComponentRegistrar" />
174-->[com.google.firebase:firebase-auth:21.0.3] AndroidManifest.xml:69:17-82
175            <meta-data
175-->[com.google.firebase:firebase-database:20.0.5] AndroidManifest.xml:32:13-34:85
176                android:name="com.google.firebase.components:com.google.firebase.database.DatabaseRegistrar"
176-->[com.google.firebase:firebase-database:20.0.5] AndroidManifest.xml:33:17-109
177                android:value="com.google.firebase.components.ComponentRegistrar" />
177-->[com.google.firebase:firebase-database:20.0.5] AndroidManifest.xml:34:17-82
178            <meta-data
178-->[com.google.firebase:firebase-firestore:24.1.2] AndroidManifest.xml:20:13-22:85
179                android:name="com.google.firebase.components:com.google.firebase.firestore.FirestoreRegistrar"
179-->[com.google.firebase:firebase-firestore:24.1.2] AndroidManifest.xml:21:17-111
180                android:value="com.google.firebase.components.ComponentRegistrar" />
180-->[com.google.firebase:firebase-firestore:24.1.2] AndroidManifest.xml:22:17-82
181            <meta-data
181-->[com.google.android.gms:play-services-measurement-api:21.0.0] AndroidManifest.xml:31:13-33:85
182                android:name="com.google.firebase.components:com.google.firebase.analytics.connector.internal.AnalyticsConnectorRegistrar"
182-->[com.google.android.gms:play-services-measurement-api:21.0.0] AndroidManifest.xml:32:17-139
183                android:value="com.google.firebase.components.ComponentRegistrar" />
183-->[com.google.android.gms:play-services-measurement-api:21.0.0] AndroidManifest.xml:33:17-82
184            <meta-data
184-->[com.google.firebase:firebase-installations:17.0.1] AndroidManifest.xml:18:13-20:85
185                android:name="com.google.firebase.components:com.google.firebase.installations.FirebaseInstallationsRegistrar"
185-->[com.google.firebase:firebase-installations:17.0.1] AndroidManifest.xml:19:17-127
186                android:value="com.google.firebase.components.ComponentRegistrar" />
186-->[com.google.firebase:firebase-installations:17.0.1] AndroidManifest.xml:20:17-82
187        </service>
188
189        <provider
189-->[com.google.firebase:firebase-common:20.1.1] AndroidManifest.xml:26:9-31:39
190            android:name="com.google.firebase.provider.FirebaseInitProvider"
190-->[com.google.firebase:firebase-common:20.1.1] AndroidManifest.xml:27:13-77
191            android:authorities="com.example.n1_project.firebaseinitprovider"
191-->[com.google.firebase:firebase-common:20.1.1] AndroidManifest.xml:28:13-72
192            android:directBootAware="true"
192-->[com.google.firebase:firebase-common:20.1.1] AndroidManifest.xml:29:13-43
193            android:exported="false"
193-->[com.google.firebase:firebase-common:20.1.1] AndroidManifest.xml:30:13-37
194            android:initOrder="100" />
194-->[com.google.firebase:firebase-common:20.1.1] AndroidManifest.xml:31:13-36
195
196        <activity
196-->[com.google.android.gms:play-services-base:18.0.1] AndroidManifest.xml:20:9-22:45
197            android:name="com.google.android.gms.common.api.GoogleApiActivity"
197-->[com.google.android.gms:play-services-base:18.0.1] AndroidManifest.xml:20:19-85
198            android:exported="false"
198-->[com.google.android.gms:play-services-base:18.0.1] AndroidManifest.xml:22:19-43
199            android:theme="@android:style/Theme.Translucent.NoTitleBar" />
199-->[com.google.android.gms:play-services-base:18.0.1] AndroidManifest.xml:21:19-78
200
201        <receiver
201-->[com.google.android.gms:play-services-measurement:21.0.0] AndroidManifest.xml:29:9-33:20
202            android:name="com.google.android.gms.measurement.AppMeasurementReceiver"
202-->[com.google.android.gms:play-services-measurement:21.0.0] AndroidManifest.xml:30:13-85
203            android:enabled="true"
203-->[com.google.android.gms:play-services-measurement:21.0.0] AndroidManifest.xml:31:13-35
204            android:exported="false" >
204-->[com.google.android.gms:play-services-measurement:21.0.0] AndroidManifest.xml:32:13-37
205        </receiver>
206
207        <service
207-->[com.google.android.gms:play-services-measurement:21.0.0] AndroidManifest.xml:35:9-38:40
208            android:name="com.google.android.gms.measurement.AppMeasurementService"
208-->[com.google.android.gms:play-services-measurement:21.0.0] AndroidManifest.xml:36:13-84
209            android:enabled="true"
209-->[com.google.android.gms:play-services-measurement:21.0.0] AndroidManifest.xml:37:13-35
210            android:exported="false" />
210-->[com.google.android.gms:play-services-measurement:21.0.0] AndroidManifest.xml:38:13-37
211        <service
211-->[com.google.android.gms:play-services-measurement:21.0.0] AndroidManifest.xml:39:9-43:72
212            android:name="com.google.android.gms.measurement.AppMeasurementJobService"
212-->[com.google.android.gms:play-services-measurement:21.0.0] AndroidManifest.xml:40:13-87
213            android:enabled="true"
213-->[com.google.android.gms:play-services-measurement:21.0.0] AndroidManifest.xml:41:13-35
214            android:exported="false"
214-->[com.google.android.gms:play-services-measurement:21.0.0] AndroidManifest.xml:42:13-37
215            android:permission="android.permission.BIND_JOB_SERVICE" />
215-->[com.google.android.gms:play-services-measurement:21.0.0] AndroidManifest.xml:43:13-69
216
217        <meta-data
217-->[com.google.android.gms:play-services-basement:18.0.0] AndroidManifest.xml:21:9-23:69
218            android:name="com.google.android.gms.version"
218-->[com.google.android.gms:play-services-basement:18.0.0] AndroidManifest.xml:22:13-58
219            android:value="@integer/google_play_services_version" />
219-->[com.google.android.gms:play-services-basement:18.0.0] AndroidManifest.xml:23:13-66
220
221        <provider
221-->[androidx.emoji2:emoji2:1.0.0] AndroidManifest.xml:26:9-34:20
222            android:name="androidx.startup.InitializationProvider"
222-->[androidx.emoji2:emoji2:1.0.0] AndroidManifest.xml:27:13-67
223            android:authorities="com.example.n1_project.androidx-startup"
223-->[androidx.emoji2:emoji2:1.0.0] AndroidManifest.xml:28:13-68
224            android:exported="false" >
224-->[androidx.emoji2:emoji2:1.0.0] AndroidManifest.xml:29:13-37
225            <meta-data
225-->[androidx.emoji2:emoji2:1.0.0] AndroidManifest.xml:31:13-33:52
226                android:name="androidx.emoji2.text.EmojiCompatInitializer"
226-->[androidx.emoji2:emoji2:1.0.0] AndroidManifest.xml:32:17-75
227                android:value="androidx.startup" />
227-->[androidx.emoji2:emoji2:1.0.0] AndroidManifest.xml:33:17-49
228            <meta-data
228-->[androidx.lifecycle:lifecycle-process:2.4.0] AndroidManifest.xml:31:13-33:52
229                android:name="androidx.lifecycle.ProcessLifecycleInitializer"
229-->[androidx.lifecycle:lifecycle-process:2.4.0] AndroidManifest.xml:32:17-78
230                android:value="androidx.startup" />
230-->[androidx.lifecycle:lifecycle-process:2.4.0] AndroidManifest.xml:33:17-49
231        </provider>
232    </application>
233
234</manifest>